c:\users\darko\documents\visual studio 2015\projects\struktureselectionsortlab1zad4\struktureselectionsortlab1zad4\debug\vc140.pdb
c:\users\darko\documents\visual studio 2015\projects\struktureselectionsortlab1zad4\struktureselectionsortlab1zad4\debug\vc140.idb
c:\users\darko\documents\visual studio 2015\projects\struktureselectionsortlab1zad4\struktureselectionsortlab1zad4\debug\cvorliste.obj
c:\users\darko\documents\visual studio 2015\projects\struktureselectionsortlab1zad4\struktureselectionsortlab1zad4\debug\glavni.obj
c:\users\darko\documents\visual studio 2015\projects\struktureselectionsortlab1zad4\struktureselectionsortlab1zad4\debug\sll.obj
c:\users\darko\documents\visual studio 2015\projects\struktureselectionsortlab1zad4\debug\struktureselectionsortlab1zad4.ilk
c:\users\darko\documents\visual studio 2015\projects\struktureselectionsortlab1zad4\debug\struktureselectionsortlab1zad4.exe
c:\users\darko\documents\visual studio 2015\projects\struktureselectionsortlab1zad4\debug\struktureselectionsortlab1zad4.pdb
c:\users\darko\desktop\fakultet\darko\iv semestar\strukture podataka\labpraktikum\struktureselectionsortlab1zad4\struktureselectionsortlab1zad4\debug\cvorliste.obj
c:\users\darko\desktop\fakultet\darko\iv semestar\strukture podataka\labpraktikum\struktureselectionsortlab1zad4\struktureselectionsortlab1zad4\debug\glavni.obj
c:\users\darko\desktop\fakultet\darko\iv semestar\strukture podataka\labpraktikum\struktureselectionsortlab1zad4\struktureselectionsortlab1zad4\debug\sll.obj
c:\users\darko\desktop\fakultet\darko\iv semestar\strukture podataka\labpraktikum\struktureselectionsortlab1zad4\struktureselectionsortlab1zad4\debug\vc140.idb
c:\users\darko\desktop\fakultet\darko\iv semestar\strukture podataka\labpraktikum\struktureselectionsortlab1zad4\struktureselectionsortlab1zad4\debug\vc140.pdb
c:\users\darko\desktop\fakultet\darko\iv semestar\strukture podataka\labpraktikum\struktureselectionsortlab1zad4\debug\struktureselectionsortlab1zad4.pdb
c:\users\darko\desktop\fakultet\darko\iv semestar\strukture podataka\labpraktikum\struktureselectionsortlab1zad4\debug\struktureselectionsortlab1zad4.exe
c:\users\darko\desktop\fakultet\darko\iv semestar\strukture podataka\labpraktikum\struktureselectionsortlab1zad4\debug\struktureselectionsortlab1zad4.ilk
c:\users\darko\desktop\fakultet\darko\iv semestar\strukture podataka\labpraktikum\struktureselectionsortlab1zad4\struktureselectionsortlab1zad4\debug\struktur.9b76be39.tlog\cl.command.1.tlog
c:\users\darko\desktop\fakultet\darko\iv semestar\strukture podataka\labpraktikum\struktureselectionsortlab1zad4\struktureselectionsortlab1zad4\debug\struktur.9b76be39.tlog\cl.read.1.tlog
c:\users\darko\desktop\fakultet\darko\iv semestar\strukture podataka\labpraktikum\struktureselectionsortlab1zad4\struktureselectionsortlab1zad4\debug\struktur.9b76be39.tlog\cl.write.1.tlog
c:\users\darko\desktop\fakultet\darko\iv semestar\strukture podataka\labpraktikum\struktureselectionsortlab1zad4\struktureselectionsortlab1zad4\debug\struktur.9b76be39.tlog\link.command.1.tlog
c:\users\darko\desktop\fakultet\darko\iv semestar\strukture podataka\labpraktikum\struktureselectionsortlab1zad4\struktureselectionsortlab1zad4\debug\struktur.9b76be39.tlog\link.read.1.tlog
c:\users\darko\desktop\fakultet\darko\iv semestar\strukture podataka\labpraktikum\struktureselectionsortlab1zad4\struktureselectionsortlab1zad4\debug\struktur.9b76be39.tlog\link.write.1.tlog
