c:\users\darko\documents\visual studio 2015\projects\struktrurelab3zad17i19\struktrurelab3zad17i19\debug\vc140.pdb
c:\users\darko\documents\visual studio 2015\projects\struktrurelab3zad17i19\struktrurelab3zad17i19\debug\vc140.idb
c:\users\darko\documents\visual studio 2015\projects\struktrurelab3zad17i19\struktrurelab3zad17i19\debug\dinamickiheap.obj
c:\users\darko\documents\visual studio 2015\projects\struktrurelab3zad17i19\struktrurelab3zad17i19\debug\main.obj
c:\users\darko\documents\visual studio 2015\projects\struktrurelab3zad17i19\debug\struktrurelab3zad17i19.ilk
c:\users\darko\documents\visual studio 2015\projects\struktrurelab3zad17i19\debug\struktrurelab3zad17i19.exe
c:\users\darko\documents\visual studio 2015\projects\struktrurelab3zad17i19\debug\struktrurelab3zad17i19.pdb
c:\users\darko\desktop\fakultet\darko\iv semestar\strukture podataka\labpraktikum\lab3stabla\strukturelab3zad17i19\struktrurelab3zad17i19\debug\dinamickiheap.obj
c:\users\darko\desktop\fakultet\darko\iv semestar\strukture podataka\labpraktikum\lab3stabla\strukturelab3zad17i19\struktrurelab3zad17i19\debug\main.obj
c:\users\darko\desktop\fakultet\darko\iv semestar\strukture podataka\labpraktikum\lab3stabla\strukturelab3zad17i19\struktrurelab3zad17i19\debug\dinamickiheap.obj.enc
c:\users\darko\desktop\fakultet\darko\iv semestar\strukture podataka\labpraktikum\lab3stabla\strukturelab3zad17i19\struktrurelab3zad17i19\debug\vc140.idb
c:\users\darko\desktop\fakultet\darko\iv semestar\strukture podataka\labpraktikum\lab3stabla\strukturelab3zad17i19\struktrurelab3zad17i19\debug\vc140.pdb
c:\users\darko\desktop\fakultet\darko\iv semestar\strukture podataka\labpraktikum\lab3stabla\strukturelab3zad17i19\debug\struktrurelab3zad17i19.pdb
c:\users\darko\desktop\fakultet\darko\iv semestar\strukture podataka\labpraktikum\lab3stabla\strukturelab3zad17i19\debug\struktrurelab3zad17i19.exe
c:\users\darko\desktop\fakultet\darko\iv semestar\strukture podataka\labpraktikum\lab3stabla\strukturelab3zad17i19\debug\struktrurelab3zad17i19.ilk
c:\users\darko\desktop\fakultet\darko\iv semestar\strukture podataka\labpraktikum\lab3stabla\strukturelab3zad17i19\struktrurelab3zad17i19\debug\struktru.fc9f7779.tlog\cl.command.1.tlog
c:\users\darko\desktop\fakultet\darko\iv semestar\strukture podataka\labpraktikum\lab3stabla\strukturelab3zad17i19\struktrurelab3zad17i19\debug\struktru.fc9f7779.tlog\cl.read.1.tlog
c:\users\darko\desktop\fakultet\darko\iv semestar\strukture podataka\labpraktikum\lab3stabla\strukturelab3zad17i19\struktrurelab3zad17i19\debug\struktru.fc9f7779.tlog\cl.write.1.tlog
c:\users\darko\desktop\fakultet\darko\iv semestar\strukture podataka\labpraktikum\lab3stabla\strukturelab3zad17i19\struktrurelab3zad17i19\debug\struktru.fc9f7779.tlog\link.command.1.tlog
c:\users\darko\desktop\fakultet\darko\iv semestar\strukture podataka\labpraktikum\lab3stabla\strukturelab3zad17i19\struktrurelab3zad17i19\debug\struktru.fc9f7779.tlog\link.read.1.tlog
c:\users\darko\desktop\fakultet\darko\iv semestar\strukture podataka\labpraktikum\lab3stabla\strukturelab3zad17i19\struktrurelab3zad17i19\debug\struktru.fc9f7779.tlog\link.write.1.tlog
